Flow report for CombShiftUnit_Demo
Tue May 19 19:52:46 2020
Quartus Prime Version 17.1.0 Build 590 10/25/2017 SJ Lite Edition


---------------------
; Table of Contents ;
---------------------
  1. Legal Notice
  2. Flow Summary
  3. Flow Settings
  4. Flow Non-Default Global Settings
  5. Flow Elapsed Time
  6. Flow OS Summary
  7. Flow Log
  8. Flow Messages
  9. Flow Suppressed Messages



----------------
; Legal Notice ;
----------------
Copyright (C) 2017  Intel Corporation. All rights reserved.
Your use of Intel Corporation's design tools, logic functions 
and other software and tools, and its AMPP partner logic 
functions, and any output files from any of the foregoing 
(including device programming or simulation files), and any 
associated documentation or information are expressly subject 
to the terms and conditions of the Intel Program License 
Subscription Agreement, the Intel Quartus Prime License Agreement,
the Intel FPGA IP License Agreement, or other applicable license
agreement, including, without limitation, that your use is for
the sole purpose of programming logic devices manufactured by
Intel and sold by Intel or its authorized distributors.  Please
refer to the applicable agreement for further details.



+----------------------------------------------------------------------------------+
; Flow Summary                                                                     ;
+------------------------------------+---------------------------------------------+
; Flow Status                        ; Successful - Tue May 19 19:52:46 2020       ;
; Quartus Prime Version              ; 17.1.0 Build 590 10/25/2017 SJ Lite Edition ;
; Revision Name                      ; CombShiftUnit_Demo                          ;
; Top-level Entity Name              ; CombShiftUnit                               ;
; Family                             ; Cyclone IV E                                ;
; Device                             ; EP4CE115F29C7                               ;
; Timing Models                      ; Final                                       ;
; Total logic elements               ; 85 / 114,480 ( < 1 % )                      ;
;     Total combinational functions  ; 85 / 114,480 ( < 1 % )                      ;
;     Dedicated logic registers      ; 0 / 114,480 ( 0 % )                         ;
; Total registers                    ; 0                                           ;
; Total pins                         ; 22 / 529 ( 4 % )                            ;
; Total virtual pins                 ; 0                                           ;
; Total memory bits                  ; 0 / 3,981,312 ( 0 % )                       ;
; Embedded Multiplier 9-bit elements ; 0 / 532 ( 0 % )                             ;
; Total PLLs                         ; 0 / 4 ( 0 % )                               ;
+------------------------------------+---------------------------------------------+


+-----------------------------------------+
; Flow Settings                           ;
+-------------------+---------------------+
; Option            ; Setting             ;
+-------------------+---------------------+
; Start date & time ; 05/19/2020 19:51:39 ;
; Main task         ; Compilation         ;
; Revision Name     ; CombShiftUnit_Demo  ;
+-------------------+---------------------+


+------------------------------------------------------------------------------------------------------------------------------------+
; Flow Non-Default Global Settings                                                                                                   ;
+-------------------------------------+----------------------------------------+--------------------+---------------+----------------+
; Assignment Name                     ; Value                                  ; Default Value      ; Entity Name   ; Section Id     ;
+-------------------------------------+----------------------------------------+--------------------+---------------+----------------+
; COMPILER_SIGNATURE_ID               ; 172306917802164.158991429807952        ; --                 ; --            ; --             ;
; EDA_OUTPUT_DATA_FORMAT              ; Vhdl                                   ; --                 ; --            ; eda_simulation ;
; EDA_SIMULATION_TOOL                 ; ModelSim-Altera (VHDL)                 ; <None>             ; --            ; --             ;
; EDA_TIME_SCALE                      ; 1 ps                                   ; --                 ; --            ; eda_simulation ;
; MAX_CORE_JUNCTION_TEMP              ; 85                                     ; --                 ; --            ; --             ;
; MIN_CORE_JUNCTION_TEMP              ; 0                                      ; --                 ; --            ; --             ;
; NOMINAL_CORE_SUPPLY_VOLTAGE         ; 1.2V                                   ; --                 ; --            ; --             ;
; PARTITION_COLOR                     ; -- (Not supported for targeted family) ; --                 ; CombShiftUnit ; Top            ;
; PARTITION_FITTER_PRESERVATION_LEVEL ; -- (Not supported for targeted family) ; --                 ; CombShiftUnit ; Top            ;
; PARTITION_NETLIST_TYPE              ; -- (Not supported for targeted family) ; --                 ; CombShiftUnit ; Top            ;
; PROJECT_OUTPUT_DIRECTORY            ; output_files                           ; --                 ; --            ; --             ;
; TOP_LEVEL_ENTITY                    ; CombShiftUnit                          ; CombShiftUnit_Demo ; --            ; --             ;
+-------------------------------------+----------------------------------------+--------------------+---------------+----------------+


+-------------------------------------------------------------------------------------------------------------------------------+
; Flow Elapsed Time                                                                                                             ;
+---------------------------+--------------+-------------------------+---------------------+------------------------------------+
; Module Name               ; Elapsed Time ; Average Processors Used ; Peak Virtual Memory ; Total CPU Time (on all processors) ;
+---------------------------+--------------+-------------------------+---------------------+------------------------------------+
; Analysis & Synthesis      ; 00:00:27     ; 1.0                     ; 4777 MB             ; 00:00:51                           ;
; Fitter                    ; 00:00:19     ; 1.0                     ; 5327 MB             ; 00:00:25                           ;
; Assembler                 ; 00:00:06     ; 1.0                     ; 4676 MB             ; 00:00:06                           ;
; TimeQuest Timing Analyzer ; 00:00:05     ; 1.0                     ; 4796 MB             ; 00:00:05                           ;
; EDA Netlist Writer        ; 00:00:02     ; 1.0                     ; 4642 MB             ; 00:00:03                           ;
; Total                     ; 00:00:59     ; --                      ; --                  ; 00:01:30                           ;
+---------------------------+--------------+-------------------------+---------------------+------------------------------------+


+-----------------------------------------------------------------------------------------+
; Flow OS Summary                                                                         ;
+---------------------------+------------------+------------+------------+----------------+
; Module Name               ; Machine Hostname ; OS Name    ; OS Version ; Processor type ;
+---------------------------+------------------+------------+------------+----------------+
; Analysis & Synthesis      ; DESKTOP-M2JM8JF  ; Windows 10 ; 10.0       ; x86_64         ;
; Fitter                    ; DESKTOP-M2JM8JF  ; Windows 10 ; 10.0       ; x86_64         ;
; Assembler                 ; DESKTOP-M2JM8JF  ; Windows 10 ; 10.0       ; x86_64         ;
; TimeQuest Timing Analyzer ; DESKTOP-M2JM8JF  ; Windows 10 ; 10.0       ; x86_64         ;
; EDA Netlist Writer        ; DESKTOP-M2JM8JF  ; Windows 10 ; 10.0       ; x86_64         ;
+---------------------------+------------------+------------+------------+----------------+


------------
; Flow Log ;
------------
quartus_map --read_settings_files=on --write_settings_files=off CombShiftUnit_Demo -c CombShiftUnit_Demo
quartus_fit --read_settings_files=off --write_settings_files=off CombShiftUnit_Demo -c CombShiftUnit_Demo
quartus_asm --read_settings_files=off --write_settings_files=off CombShiftUnit_Demo -c CombShiftUnit_Demo
quartus_sta CombShiftUnit_Demo -c CombShiftUnit_Demo
quartus_eda --read_settings_files=off --write_settings_files=off CombShiftUnit_Demo -c CombShiftUnit_Demo



