Analysis & Synthesis report for PROJETO
Mon Jun 08 17:10:11 2020
Quartus Prime Version 17.1.0 Build 590 10/25/2017 SJ Lite Edition


---------------------
; Table of Contents ;
---------------------
  1. Legal Notice
  2. Analysis & Synthesis Summary
  3. Analysis & Synthesis Settings
  4. Parallel Compilation
  5. Analysis & Synthesis Source Files Read
  6. Analysis & Synthesis Resource Usage Summary
  7. Analysis & Synthesis Resource Utilization by Entity
  8. State Machine - |Processador|ControlUnit:controlUnit|f_state
  9. Registers Removed During Synthesis
 10. Removed Registers Triggering Further Register Optimizations
 11. General Register Statistics
 12. Multiplexer Restructuring Statistics (Restructuring Performed)
 13. Parameter Settings for User Entity Instance: DataPath:dataPath|SignExtend:SignExtend
 14. Parameter Settings for User Entity Instance: DataPath:dataPath|Counter:PC
 15. Parameter Settings for User Entity Instance: DataPath:dataPath|ROM:IMemory
 16. Parameter Settings for User Entity Instance: DataPath:dataPath|ALU:ALU
 17. Parameter Settings for User Entity Instance: DataPath:dataPath|RAM:DMemory
 18. Parameter Settings for User Entity Instance: DataPath:dataPath|Registers:RegisterBlock
 19. Parameter Settings for User Entity Instance: DataPath:dataPath|Registers:RegisterBlock|RegisterN:\registers:0:reg
 20. Parameter Settings for User Entity Instance: DataPath:dataPath|Registers:RegisterBlock|RegisterN:\registers:1:reg
 21. Parameter Settings for User Entity Instance: DataPath:dataPath|Registers:RegisterBlock|RegisterN:\registers:2:reg
 22. Parameter Settings for User Entity Instance: DataPath:dataPath|Registers:RegisterBlock|RegisterN:\registers:3:reg
 23. Parameter Settings for User Entity Instance: DataPath:dataPath|Registers:RegisterBlock|RegisterN:\registers:4:reg
 24. Parameter Settings for User Entity Instance: DataPath:dataPath|Registers:RegisterBlock|RegisterN:\registers:5:reg
 25. Parameter Settings for User Entity Instance: DataPath:dataPath|Registers:RegisterBlock|RegisterN:\registers:6:reg
 26. Parameter Settings for User Entity Instance: DataPath:dataPath|Registers:RegisterBlock|RegisterN:\registers:7:reg
 27. Parameter Settings for User Entity Instance: DataPath:dataPath|Mux2_1:mux1
 28. Parameter Settings for User Entity Instance: DataPath:dataPath|Mux2_1:mux2
 29. Parameter Settings for User Entity Instance: DataPath:dataPath|Mux2_1:mux3
 30. Port Connectivity Checks: "DataPath:dataPath|Registers:RegisterBlock|RegisterN:\registers:0:reg"
 31. Port Connectivity Checks: "DataPath:dataPath|Registers:RegisterBlock|Dec3_8:sinais"
 32. Post-Synthesis Netlist Statistics for Top Partition
 33. Elapsed Time Per Partition
 34. Analysis & Synthesis Messages



----------------
; Legal Notice ;
----------------
Copyright (C) 2017  Intel Corporation. All rights reserved.
Your use of Intel Corporation's design tools, logic functions 
and other software and tools, and its AMPP partner logic 
functions, and any output files from any of the foregoing 
(including device programming or simulation files), and any 
associated documentation or information are expressly subject 
to the terms and conditions of the Intel Program License 
Subscription Agreement, the Intel Quartus Prime License Agreement,
the Intel FPGA IP License Agreement, or other applicable license
agreement, including, without limitation, that your use is for
the sole purpose of programming logic devices manufactured by
Intel and sold by Intel or its authorized distributors.  Please
refer to the applicable agreement for further details.



+----------------------------------------------------------------------------------+
; Analysis & Synthesis Summary                                                     ;
+------------------------------------+---------------------------------------------+
; Analysis & Synthesis Status        ; Successful - Mon Jun 08 17:10:11 2020       ;
; Quartus Prime Version              ; 17.1.0 Build 590 10/25/2017 SJ Lite Edition ;
; Revision Name                      ; PROJETO                                     ;
; Top-level Entity Name              ; Processador                                 ;
; Family                             ; Cyclone IV E                                ;
; Total logic elements               ; 0                                           ;
;     Total combinational functions  ; 0                                           ;
;     Dedicated logic registers      ; 0                                           ;
; Total registers                    ; 0                                           ;
; Total pins                         ; 20                                          ;
; Total virtual pins                 ; 0                                           ;
; Total memory bits                  ; 0                                           ;
; Embedded Multiplier 9-bit elements ; 0                                           ;
; Total PLLs                         ; 0                                           ;
+------------------------------------+---------------------------------------------+


+----------------------------------------------------------------------------------------------------------------------+
; Analysis & Synthesis Settings                                                                                        ;
+----------------------------------------------------------------------------+--------------------+--------------------+
; Option                                                                     ; Setting            ; Default Value      ;
+----------------------------------------------------------------------------+--------------------+--------------------+
; Device                                                                     ; EP4CE115F29C7      ;                    ;
; Top-level entity name                                                      ; Processador        ; PROJETO            ;
; Family name                                                                ; Cyclone IV E       ; Cyclone V          ;
; Use smart compilation                                                      ; Off                ; Off                ;
; Enable parallel Assembler and TimeQuest Timing Analyzer during compilation ; On                 ; On                 ;
; Enable compact report table                                                ; Off                ; Off                ;
; Restructure Multiplexers                                                   ; Auto               ; Auto               ;
; Create Debugging Nodes for IP Cores                                        ; Off                ; Off                ;
; Preserve fewer node names                                                  ; On                 ; On                 ;
; Intel FPGA IP Evaluation Mode                                              ; Enable             ; Enable             ;
; Verilog Version                                                            ; Verilog_2001       ; Verilog_2001       ;
; VHDL Version                                                               ; VHDL_1993          ; VHDL_1993          ;
; State Machine Processing                                                   ; Auto               ; Auto               ;
; Safe State Machine                                                         ; Off                ; Off                ;
; Extract Verilog State Machines                                             ; On                 ; On                 ;
; Extract VHDL State Machines                                                ; On                 ; On                 ;
; Ignore Verilog initial constructs                                          ; Off                ; Off                ;
; Iteration limit for constant Verilog loops                                 ; 5000               ; 5000               ;
; Iteration limit for non-constant Verilog loops                             ; 250                ; 250                ;
; Add Pass-Through Logic to Inferred RAMs                                    ; On                 ; On                 ;
; Infer RAMs from Raw Logic                                                  ; On                 ; On                 ;
; Parallel Synthesis                                                         ; On                 ; On                 ;
; DSP Block Balancing                                                        ; Auto               ; Auto               ;
; NOT Gate Push-Back                                                         ; On                 ; On                 ;
; Power-Up Don't Care                                                        ; On                 ; On                 ;
; Remove Redundant Logic Cells                                               ; Off                ; Off                ;
; Remove Duplicate Registers                                                 ; On                 ; On                 ;
; Ignore CARRY Buffers                                                       ; Off                ; Off                ;
; Ignore CASCADE Buffers                                                     ; Off                ; Off                ;
; Ignore GLOBAL Buffers                                                      ; Off                ; Off                ;
; Ignore ROW GLOBAL Buffers                                                  ; Off                ; Off                ;
; Ignore LCELL Buffers                                                       ; Off                ; Off                ;
; Ignore SOFT Buffers                                                        ; On                 ; On                 ;
; Limit AHDL Integers to 32 Bits                                             ; Off                ; Off                ;
; Optimization Technique                                                     ; Balanced           ; Balanced           ;
; Carry Chain Length                                                         ; 70                 ; 70                 ;
; Auto Carry Chains                                                          ; On                 ; On                 ;
; Auto Open-Drain Pins                                                       ; On                 ; On                 ;
; Perform WYSIWYG Primitive Resynthesis                                      ; Off                ; Off                ;
; Auto ROM Replacement                                                       ; On                 ; On                 ;
; Auto RAM Replacement                                                       ; On                 ; On                 ;
; Auto DSP Block Replacement                                                 ; On                 ; On                 ;
; Auto Shift Register Replacement                                            ; Auto               ; Auto               ;
; Allow Shift Register Merging across Hierarchies                            ; Auto               ; Auto               ;
; Auto Clock Enable Replacement                                              ; On                 ; On                 ;
; Strict RAM Replacement                                                     ; Off                ; Off                ;
; Allow Synchronous Control Signals                                          ; On                 ; On                 ;
; Force Use of Synchronous Clear Signals                                     ; Off                ; Off                ;
; Auto RAM Block Balancing                                                   ; On                 ; On                 ;
; Auto RAM to Logic Cell Conversion                                          ; Off                ; Off                ;
; Auto Resource Sharing                                                      ; Off                ; Off                ;
; Allow Any RAM Size For Recognition                                         ; Off                ; Off                ;
; Allow Any ROM Size For Recognition                                         ; Off                ; Off                ;
; Allow Any Shift Register Size For Recognition                              ; Off                ; Off                ;
; Use LogicLock Constraints during Resource Balancing                        ; On                 ; On                 ;
; Ignore translate_off and synthesis_off directives                          ; Off                ; Off                ;
; Timing-Driven Synthesis                                                    ; On                 ; On                 ;
; Report Parameter Settings                                                  ; On                 ; On                 ;
; Report Source Assignments                                                  ; On                 ; On                 ;
; Report Connectivity Checks                                                 ; On                 ; On                 ;
; Ignore Maximum Fan-Out Assignments                                         ; Off                ; Off                ;
; Synchronization Register Chain Length                                      ; 2                  ; 2                  ;
; Power Optimization During Synthesis                                        ; Normal compilation ; Normal compilation ;
; HDL message level                                                          ; Level2             ; Level2             ;
; Suppress Register Optimization Related Messages                            ; Off                ; Off                ;
; Number of Removed Registers Reported in Synthesis Report                   ; 5000               ; 5000               ;
; Number of Swept Nodes Reported in Synthesis Report                         ; 5000               ; 5000               ;
; Number of Inverted Registers Reported in Synthesis Report                  ; 100                ; 100                ;
; Clock MUX Protection                                                       ; On                 ; On                 ;
; Auto Gated Clock Conversion                                                ; Off                ; Off                ;
; Block Design Naming                                                        ; Auto               ; Auto               ;
; SDC constraint protection                                                  ; Off                ; Off                ;
; Synthesis Effort                                                           ; Auto               ; Auto               ;
; Shift Register Replacement - Allow Asynchronous Clear Signal               ; On                 ; On                 ;
; Pre-Mapping Resynthesis Optimization                                       ; Off                ; Off                ;
; Analysis & Synthesis Message Level                                         ; Medium             ; Medium             ;
; Disable Register Merging Across Hierarchies                                ; Auto               ; Auto               ;
; Resource Aware Inference For Block RAM                                     ; On                 ; On                 ;
+----------------------------------------------------------------------------+--------------------+--------------------+


+------------------------------------------+
; Parallel Compilation                     ;
+----------------------------+-------------+
; Processors                 ; Number      ;
+----------------------------+-------------+
; Number detected on machine ; 4           ;
; Maximum allowed            ; 2           ;
;                            ;             ;
; Average used               ; 1.00        ;
; Maximum used               ; 1           ;
;                            ;             ;
; Usage by Processor         ; % Time Used ;
;     Processor 1            ; 100.0%      ;
+----------------------------+-------------+


+--------------------------------------------------------------------------------------------------------------------------------+
; Analysis & Synthesis Source Files Read                                                                                         ;
+----------------------------------+-----------------+-----------------+-----------------------------------------------+---------+
; File Name with User-Entered Path ; Used in Netlist ; File Type       ; File Name with Absolute Path                  ; Library ;
+----------------------------------+-----------------+-----------------+-----------------------------------------------+---------+
; SignExtend.vhd                   ; yes             ; User VHDL File  ; C:/Users/User/Desktop/Projeto/SignExtend.vhd  ;         ;
; ALU.vhd                          ; yes             ; User VHDL File  ; C:/Users/User/Desktop/Projeto/ALU.vhd         ;         ;
; Mux2_1.vhd                       ; yes             ; User VHDL File  ; C:/Users/User/Desktop/Projeto/Mux2_1.vhd      ;         ;
; RAM.vhd                          ; yes             ; User VHDL File  ; C:/Users/User/Desktop/Projeto/RAM.vhd         ;         ;
; Registers.vhd                    ; yes             ; User VHDL File  ; C:/Users/User/Desktop/Projeto/Registers.vhd   ;         ;
; Counter.vhd                      ; yes             ; User VHDL File  ; C:/Users/User/Desktop/Projeto/Counter.vhd     ;         ;
; ROM.vhd                          ; yes             ; User VHDL File  ; C:/Users/User/Desktop/Projeto/ROM.vhd         ;         ;
; DataPath.vhd                     ; yes             ; User VHDL File  ; C:/Users/User/Desktop/Projeto/DataPath.vhd    ;         ;
; RegisterN.vhd                    ; yes             ; User VHDL File  ; C:/Users/User/Desktop/Projeto/RegisterN.vhd   ;         ;
; Dec3_8.vhd                       ; yes             ; User VHDL File  ; C:/Users/User/Desktop/Projeto/Dec3_8.vhd      ;         ;
; ControlUnit.vhd                  ; yes             ; User VHDL File  ; C:/Users/User/Desktop/Projeto/ControlUnit.vhd ;         ;
; Processador.vhd                  ; yes             ; User VHDL File  ; C:/Users/User/Desktop/Projeto/Processador.vhd ;         ;
+----------------------------------+-----------------+-----------------+-----------------------------------------------+---------+


+-----------------------------------------------------+
; Analysis & Synthesis Resource Usage Summary         ;
+---------------------------------------------+-------+
; Resource                                    ; Usage ;
+---------------------------------------------+-------+
;                                             ;       ;
; Total combinational functions               ; 0     ;
; Logic element usage by number of LUT inputs ;       ;
;     -- 4 input functions                    ; 0     ;
;     -- 3 input functions                    ; 0     ;
;     -- <=2 input functions                  ; 0     ;
;                                             ;       ;
; Logic elements by mode                      ;       ;
;     -- normal mode                          ; 0     ;
;     -- arithmetic mode                      ; 0     ;
;                                             ;       ;
; Total registers                             ; 0     ;
;     -- Dedicated logic registers            ; 0     ;
;     -- I/O registers                        ; 0     ;
;                                             ;       ;
; I/O pins                                    ; 20    ;
;                                             ;       ;
; Embedded Multiplier 9-bit elements          ; 0     ;
;                                             ;       ;
; Maximum fan-out node                        ; EnPc  ;
; Maximum fan-out                             ; 1     ;
; Total fan-out                               ; 20    ;
; Average fan-out                             ; 0.50  ;
+---------------------------------------------+-------+


+----------------------------------------------------------------------------------------------------------------------------------------------------------------------------------------------------------+
; Analysis & Synthesis Resource Utilization by Entity                                                                                                                                                      ;
+----------------------------+---------------------+---------------------------+-------------+--------------+---------+-----------+------+--------------+---------------------+-------------+--------------+
; Compilation Hierarchy Node ; Combinational ALUTs ; Dedicated Logic Registers ; Memory Bits ; DSP Elements ; DSP 9x9 ; DSP 18x18 ; Pins ; Virtual Pins ; Full Hierarchy Name ; Entity Name ; Library Name ;
+----------------------------+---------------------+---------------------------+-------------+--------------+---------+-----------+------+--------------+---------------------+-------------+--------------+
; |Processador               ; 0 (0)               ; 0 (0)                     ; 0           ; 0            ; 0       ; 0         ; 20   ; 0            ; |Processador        ; Processador ; work         ;
+----------------------------+---------------------+---------------------------+-------------+--------------+---------+-----------+------+--------------+---------------------+-------------+--------------+
Note: For table entries with two numbers listed, the numbers in parentheses indicate the number of resources of the given type used by the specific entity alone. The numbers listed outside of parentheses indicate the total resources of the given type used by the specific entity and all of its sub-entities in the hierarchy.


Encoding Type:  One-Hot
+----------------------------------------------------------------------------------------------------------------------------+
; State Machine - |Processador|ControlUnit:controlUnit|f_state                                                               ;
+-------------------+------------------+-------------------+-----------------+----------------+---------------+--------------+
; Name              ; f_state.WriteMem ; f_state.RegUpdate ; f_state.Execute ; f_state.Decode ; f_state.Fetch ; f_state.ResT ;
+-------------------+------------------+-------------------+-----------------+----------------+---------------+--------------+
; f_state.ResT      ; 0                ; 0                 ; 0               ; 0              ; 0             ; 0            ;
; f_state.Fetch     ; 0                ; 0                 ; 0               ; 0              ; 1             ; 1            ;
; f_state.Decode    ; 0                ; 0                 ; 0               ; 1              ; 0             ; 1            ;
; f_state.Execute   ; 0                ; 0                 ; 1               ; 0              ; 0             ; 1            ;
; f_state.RegUpdate ; 0                ; 1                 ; 0               ; 0              ; 0             ; 1            ;
; f_state.WriteMem  ; 1                ; 0                 ; 0               ; 0              ; 0             ; 1            ;
+-------------------+------------------+-------------------+-----------------+----------------+---------------+--------------+


+--------------------------------------------------------------------+
; Registers Removed During Synthesis                                 ;
+-----------------------------------------------+--------------------+
; Register name                                 ; Reason for Removal ;
+-----------------------------------------------+--------------------+
; DataPath:dataPath|Counter:PC|s_cntValue[0..3] ; Lost fanout        ;
; ControlUnit:controlUnit|f_state.ResT          ; Lost fanout        ;
; ControlUnit:controlUnit|f_state.Fetch         ; Lost fanout        ;
; ControlUnit:controlUnit|f_state.Decode        ; Lost fanout        ;
; ControlUnit:controlUnit|f_state.Execute       ; Lost fanout        ;
; ControlUnit:controlUnit|f_state.RegUpdate     ; Lost fanout        ;
; ControlUnit:controlUnit|f_state.WriteMem      ; Lost fanout        ;
; Total Number of Removed Registers = 10        ;                    ;
+-----------------------------------------------+--------------------+


+-----------------------------------------------------------------------------------------------------------------------------------------------------+
; Removed Registers Triggering Further Register Optimizations                                                                                         ;
+--------------------------------------------+--------------------+-----------------------------------------------------------------------------------+
; Register name                              ; Reason for Removal ; Registers Removed due to This Register                                            ;
+--------------------------------------------+--------------------+-----------------------------------------------------------------------------------+
; DataPath:dataPath|Counter:PC|s_cntValue[3] ; Lost Fanouts       ; DataPath:dataPath|Counter:PC|s_cntValue[2],                                       ;
;                                            ;                    ; DataPath:dataPath|Counter:PC|s_cntValue[1],                                       ;
;                                            ;                    ; DataPath:dataPath|Counter:PC|s_cntValue[0], ControlUnit:controlUnit|f_state.ResT, ;
;                                            ;                    ; ControlUnit:controlUnit|f_state.Fetch                                             ;
+--------------------------------------------+--------------------+-----------------------------------------------------------------------------------+


+------------------------------------------------------+
; General Register Statistics                          ;
+----------------------------------------------+-------+
; Statistic                                    ; Value ;
+----------------------------------------------+-------+
; Total registers                              ; 0     ;
; Number of registers using Synchronous Clear  ; 0     ;
; Number of registers using Synchronous Load   ; 0     ;
; Number of registers using Asynchronous Clear ; 0     ;
; Number of registers using Asynchronous Load  ; 0     ;
; Number of registers using Clock Enable       ; 0     ;
; Number of registers using Preset             ; 0     ;
+----------------------------------------------+-------+


+-----------------------------------------------------------------------------------------------------------------------------------------------------------------------+
; Multiplexer Restructuring Statistics (Restructuring Performed)                                                                                                        ;
+--------------------+-----------+---------------+----------------------+------------------------+------------+---------------------------------------------------------+
; Multiplexer Inputs ; Bus Width ; Baseline Area ; Area if Restructured ; Saving if Restructured ; Registered ; Example Multiplexer Output                              ;
+--------------------+-----------+---------------+----------------------+------------------------+------------+---------------------------------------------------------+
; 3:1                ; 4 bits    ; 8 LEs         ; 4 LEs                ; 4 LEs                  ; Yes        ; |Processador|DataPath:dataPath|Counter:PC|s_cntValue[3] ;
; 3:1                ; 2 bits    ; 4 LEs         ; 2 LEs                ; 2 LEs                  ; No         ; |Processador|ControlUnit:controlUnit|f_state            ;
+--------------------+-----------+---------------+----------------------+------------------------+------------+---------------------------------------------------------+


+--------------------------------------------------------------------------------------+
; Parameter Settings for User Entity Instance: DataPath:dataPath|SignExtend:SignExtend ;
+----------------+-------+-------------------------------------------------------------+
; Parameter Name ; Value ; Type                                                        ;
+----------------+-------+-------------------------------------------------------------+
; n              ; 7     ; Signed Integer                                              ;
+----------------+-------+-------------------------------------------------------------+
Note: In order to hide this table in the UI and the text report file, please set the "Show Parameter Settings in Synthesis Report" option in "Analysis and Synthesis Settings -> More Settings" to "Off".


+---------------------------------------------------------------------------+
; Parameter Settings for User Entity Instance: DataPath:dataPath|Counter:PC ;
+----------------+-------+--------------------------------------------------+
; Parameter Name ; Value ; Type                                             ;
+----------------+-------+--------------------------------------------------+
; n              ; 4     ; Signed Integer                                   ;
+----------------+-------+--------------------------------------------------+
Note: In order to hide this table in the UI and the text report file, please set the "Show Parameter Settings in Synthesis Report" option in "Analysis and Synthesis Settings -> More Settings" to "Off".


+----------------------------------------------------------------------------+
; Parameter Settings for User Entity Instance: DataPath:dataPath|ROM:IMemory ;
+----------------+-------+---------------------------------------------------+
; Parameter Name ; Value ; Type                                              ;
+----------------+-------+---------------------------------------------------+
; n              ; 16    ; Signed Integer                                    ;
+----------------+-------+---------------------------------------------------+
Note: In order to hide this table in the UI and the text report file, please set the "Show Parameter Settings in Synthesis Report" option in "Analysis and Synthesis Settings -> More Settings" to "Off".


+------------------------------------------------------------------------+
; Parameter Settings for User Entity Instance: DataPath:dataPath|ALU:ALU ;
+----------------+-------+-----------------------------------------------+
; Parameter Name ; Value ; Type                                          ;
+----------------+-------+-----------------------------------------------+
; n              ; 8     ; Signed Integer                                ;
+----------------+-------+-----------------------------------------------+
Note: In order to hide this table in the UI and the text report file, please set the "Show Parameter Settings in Synthesis Report" option in "Analysis and Synthesis Settings -> More Settings" to "Off".


+----------------------------------------------------------------------------+
; Parameter Settings for User Entity Instance: DataPath:dataPath|RAM:DMemory ;
+----------------+-------+---------------------------------------------------+
; Parameter Name ; Value ; Type                                              ;
+----------------+-------+---------------------------------------------------+
; n              ; 8     ; Signed Integer                                    ;
+----------------+-------+---------------------------------------------------+
Note: In order to hide this table in the UI and the text report file, please set the "Show Parameter Settings in Synthesis Report" option in "Analysis and Synthesis Settings -> More Settings" to "Off".


+----------------------------------------------------------------------------------------+
; Parameter Settings for User Entity Instance: DataPath:dataPath|Registers:RegisterBlock ;
+----------------+-------+---------------------------------------------------------------+
; Parameter Name ; Value ; Type                                                          ;
+----------------+-------+---------------------------------------------------------------+
; n              ; 8     ; Signed Integer                                                ;
+----------------+-------+---------------------------------------------------------------+
Note: In order to hide this table in the UI and the text report file, please set the "Show Parameter Settings in Synthesis Report" option in "Analysis and Synthesis Settings -> More Settings" to "Off".


+-------------------------------------------------------------------------------------------------------------------+
; Parameter Settings for User Entity Instance: DataPath:dataPath|Registers:RegisterBlock|RegisterN:\registers:0:reg ;
+----------------+-------+------------------------------------------------------------------------------------------+
; Parameter Name ; Value ; Type                                                                                     ;
+----------------+-------+------------------------------------------------------------------------------------------+
; n              ; 8     ; Signed Integer                                                                           ;
+----------------+-------+------------------------------------------------------------------------------------------+
Note: In order to hide this table in the UI and the text report file, please set the "Show Parameter Settings in Synthesis Report" option in "Analysis and Synthesis Settings -> More Settings" to "Off".


+-------------------------------------------------------------------------------------------------------------------+
; Parameter Settings for User Entity Instance: DataPath:dataPath|Registers:RegisterBlock|RegisterN:\registers:1:reg ;
+----------------+-------+------------------------------------------------------------------------------------------+
; Parameter Name ; Value ; Type                                                                                     ;
+----------------+-------+------------------------------------------------------------------------------------------+
; n              ; 8     ; Signed Integer                                                                           ;
+----------------+-------+------------------------------------------------------------------------------------------+
Note: In order to hide this table in the UI and the text report file, please set the "Show Parameter Settings in Synthesis Report" option in "Analysis and Synthesis Settings -> More Settings" to "Off".


+-------------------------------------------------------------------------------------------------------------------+
; Parameter Settings for User Entity Instance: DataPath:dataPath|Registers:RegisterBlock|RegisterN:\registers:2:reg ;
+----------------+-------+------------------------------------------------------------------------------------------+
; Parameter Name ; Value ; Type                                                                                     ;
+----------------+-------+------------------------------------------------------------------------------------------+
; n              ; 8     ; Signed Integer                                                                           ;
+----------------+-------+------------------------------------------------------------------------------------------+
Note: In order to hide this table in the UI and the text report file, please set the "Show Parameter Settings in Synthesis Report" option in "Analysis and Synthesis Settings -> More Settings" to "Off".


+-------------------------------------------------------------------------------------------------------------------+
; Parameter Settings for User Entity Instance: DataPath:dataPath|Registers:RegisterBlock|RegisterN:\registers:3:reg ;
+----------------+-------+------------------------------------------------------------------------------------------+
; Parameter Name ; Value ; Type                                                                                     ;
+----------------+-------+------------------------------------------------------------------------------------------+
; n              ; 8     ; Signed Integer                                                                           ;
+----------------+-------+------------------------------------------------------------------------------------------+
Note: In order to hide this table in the UI and the text report file, please set the "Show Parameter Settings in Synthesis Report" option in "Analysis and Synthesis Settings -> More Settings" to "Off".


+-------------------------------------------------------------------------------------------------------------------+
; Parameter Settings for User Entity Instance: DataPath:dataPath|Registers:RegisterBlock|RegisterN:\registers:4:reg ;
+----------------+-------+------------------------------------------------------------------------------------------+
; Parameter Name ; Value ; Type                                                                                     ;
+----------------+-------+------------------------------------------------------------------------------------------+
; n              ; 8     ; Signed Integer                                                                           ;
+----------------+-------+------------------------------------------------------------------------------------------+
Note: In order to hide this table in the UI and the text report file, please set the "Show Parameter Settings in Synthesis Report" option in "Analysis and Synthesis Settings -> More Settings" to "Off".


+-------------------------------------------------------------------------------------------------------------------+
; Parameter Settings for User Entity Instance: DataPath:dataPath|Registers:RegisterBlock|RegisterN:\registers:5:reg ;
+----------------+-------+------------------------------------------------------------------------------------------+
; Parameter Name ; Value ; Type                                                                                     ;
+----------------+-------+------------------------------------------------------------------------------------------+
; n              ; 8     ; Signed Integer                                                                           ;
+----------------+-------+------------------------------------------------------------------------------------------+
Note: In order to hide this table in the UI and the text report file, please set the "Show Parameter Settings in Synthesis Report" option in "Analysis and Synthesis Settings -> More Settings" to "Off".


+-------------------------------------------------------------------------------------------------------------------+
; Parameter Settings for User Entity Instance: DataPath:dataPath|Registers:RegisterBlock|RegisterN:\registers:6:reg ;
+----------------+-------+------------------------------------------------------------------------------------------+
; Parameter Name ; Value ; Type                                                                                     ;
+----------------+-------+------------------------------------------------------------------------------------------+
; n              ; 8     ; Signed Integer                                                                           ;
+----------------+-------+------------------------------------------------------------------------------------------+
Note: In order to hide this table in the UI and the text report file, please set the "Show Parameter Settings in Synthesis Report" option in "Analysis and Synthesis Settings -> More Settings" to "Off".


+-------------------------------------------------------------------------------------------------------------------+
; Parameter Settings for User Entity Instance: DataPath:dataPath|Registers:RegisterBlock|RegisterN:\registers:7:reg ;
+----------------+-------+------------------------------------------------------------------------------------------+
; Parameter Name ; Value ; Type                                                                                     ;
+----------------+-------+------------------------------------------------------------------------------------------+
; n              ; 8     ; Signed Integer                                                                           ;
+----------------+-------+------------------------------------------------------------------------------------------+
Note: In order to hide this table in the UI and the text report file, please set the "Show Parameter Settings in Synthesis Report" option in "Analysis and Synthesis Settings -> More Settings" to "Off".


+----------------------------------------------------------------------------+
; Parameter Settings for User Entity Instance: DataPath:dataPath|Mux2_1:mux1 ;
+----------------+-------+---------------------------------------------------+
; Parameter Name ; Value ; Type                                              ;
+----------------+-------+---------------------------------------------------+
; n              ; 3     ; Signed Integer                                    ;
+----------------+-------+---------------------------------------------------+
Note: In order to hide this table in the UI and the text report file, please set the "Show Parameter Settings in Synthesis Report" option in "Analysis and Synthesis Settings -> More Settings" to "Off".


+----------------------------------------------------------------------------+
; Parameter Settings for User Entity Instance: DataPath:dataPath|Mux2_1:mux2 ;
+----------------+-------+---------------------------------------------------+
; Parameter Name ; Value ; Type                                              ;
+----------------+-------+---------------------------------------------------+
; n              ; 8     ; Signed Integer                                    ;
+----------------+-------+---------------------------------------------------+
Note: In order to hide this table in the UI and the text report file, please set the "Show Parameter Settings in Synthesis Report" option in "Analysis and Synthesis Settings -> More Settings" to "Off".


+----------------------------------------------------------------------------+
; Parameter Settings for User Entity Instance: DataPath:dataPath|Mux2_1:mux3 ;
+----------------+-------+---------------------------------------------------+
; Parameter Name ; Value ; Type                                              ;
+----------------+-------+---------------------------------------------------+
; n              ; 8     ; Signed Integer                                    ;
+----------------+-------+---------------------------------------------------+
Note: In order to hide this table in the UI and the text report file, please set the "Show Parameter Settings in Synthesis Report" option in "Analysis and Synthesis Settings -> More Settings" to "Off".


+--------------------------------------------------------------------------------------------------+
; Port Connectivity Checks: "DataPath:dataPath|Registers:RegisterBlock|RegisterN:\registers:0:reg" ;
+--------+-------+----------+----------------------------------------------------------------------+
; Port   ; Type  ; Severity ; Details                                                              ;
+--------+-------+----------+----------------------------------------------------------------------+
; enable ; Input ; Info     ; Stuck at GND                                                         ;
+--------+-------+----------+----------------------------------------------------------------------+


+----------------------------------------------------------------------------------------------------------------------+
; Port Connectivity Checks: "DataPath:dataPath|Registers:RegisterBlock|Dec3_8:sinais"                                  ;
+------------+--------+----------+-------------------------------------------------------------------------------------+
; Port       ; Type   ; Severity ; Details                                                                             ;
+------------+--------+----------+-------------------------------------------------------------------------------------+
; outputs[0] ; Output ; Info     ; Connected to dangling logic. Logic that only feeds a dangling port will be removed. ;
+------------+--------+----------+-------------------------------------------------------------------------------------+


+-----------------------------------------------------+
; Post-Synthesis Netlist Statistics for Top Partition ;
+-----------------------+-----------------------------+
; Type                  ; Count                       ;
+-----------------------+-----------------------------+
; boundary_port         ; 20                          ;
; cycloneiii_lcell_comb ; 1                           ;
;     normal            ; 1                           ;
;         0 data inputs ; 1                           ;
;                       ;                             ;
; Max LUT depth         ; 0.00                        ;
; Average LUT depth     ; 0.00                        ;
+-----------------------+-----------------------------+


+-------------------------------+
; Elapsed Time Per Partition    ;
+----------------+--------------+
; Partition Name ; Elapsed Time ;
+----------------+--------------+
; Top            ; 00:00:00     ;
+----------------+--------------+


+-------------------------------+
; Analysis & Synthesis Messages ;
+-------------------------------+
Info: *******************************************************************
Info: Running Quartus Prime Analysis & Synthesis
    Info: Version 17.1.0 Build 590 10/25/2017 SJ Lite Edition
    Info: Processing started: Mon Jun 08 17:09:42 2020
Info: Command: quartus_map --read_settings_files=on --write_settings_files=off PROJETO -c PROJETO
Warning (18236): Number of processors has not been specified which may cause overloading on shared machines.  Set the global assignment NUM_PARALLEL_PROCESSORS in your QSF to an appropriate value for best performance.
Info (20030): Parallel compilation is enabled and will use 2 of the 2 processors detected
Info (12021): Found 2 design units, including 1 entities, in source file signextend.vhd
    Info (12022): Found design unit 1: SignExtend-Behavioral File: C:/Users/User/Desktop/Projeto/SignExtend.vhd Line: 11
    Info (12023): Found entity 1: SignExtend File: C:/Users/User/Desktop/Projeto/SignExtend.vhd Line: 5
Info (12021): Found 2 design units, including 1 entities, in source file alu.vhd
    Info (12022): Found design unit 1: ALU-Behavioral File: C:/Users/User/Desktop/Projeto/ALU.vhd Line: 12
    Info (12023): Found entity 1: ALU File: C:/Users/User/Desktop/Projeto/ALU.vhd Line: 5
Info (12021): Found 2 design units, including 1 entities, in source file mux2_1.vhd
    Info (12022): Found design unit 1: Mux2_1-Behavioral File: C:/Users/User/Desktop/Projeto/Mux2_1.vhd Line: 12
    Info (12023): Found entity 1: Mux2_1 File: C:/Users/User/Desktop/Projeto/Mux2_1.vhd Line: 4
Info (12021): Found 2 design units, including 1 entities, in source file ram.vhd
    Info (12022): Found design unit 1: RAM-Behavioral File: C:/Users/User/Desktop/Projeto/RAM.vhd Line: 14
    Info (12023): Found entity 1: RAM File: C:/Users/User/Desktop/Projeto/RAM.vhd Line: 5
Info (12021): Found 2 design units, including 1 entities, in source file registers.vhd
    Info (12022): Found design unit 1: Registers-Behavioral File: C:/Users/User/Desktop/Projeto/Registers.vhd Line: 16
    Info (12023): Found entity 1: Registers File: C:/Users/User/Desktop/Projeto/Registers.vhd Line: 5
Info (12021): Found 2 design units, including 1 entities, in source file counter.vhd
    Info (12022): Found design unit 1: Counter-Behav File: C:/Users/User/Desktop/Projeto/Counter.vhd Line: 13
    Info (12023): Found entity 1: Counter File: C:/Users/User/Desktop/Projeto/Counter.vhd Line: 5
Info (12021): Found 2 design units, including 1 entities, in source file rom.vhd
    Info (12022): Found design unit 1: ROM-Behavioral File: C:/Users/User/Desktop/Projeto/ROM.vhd Line: 12
    Info (12023): Found entity 1: ROM File: C:/Users/User/Desktop/Projeto/ROM.vhd Line: 5
Info (12021): Found 2 design units, including 1 entities, in source file datapath.vhd
    Info (12022): Found design unit 1: Datapath-Structural File: C:/Users/User/Desktop/Projeto/DataPath.vhd Line: 20
    Info (12023): Found entity 1: DataPath File: C:/Users/User/Desktop/Projeto/DataPath.vhd Line: 4
Info (12021): Found 2 design units, including 1 entities, in source file registern.vhd
    Info (12022): Found design unit 1: RegisterN-Behavioral File: C:/Users/User/Desktop/Projeto/RegisterN.vhd Line: 13
    Info (12023): Found entity 1: RegisterN File: C:/Users/User/Desktop/Projeto/RegisterN.vhd Line: 4
Info (12021): Found 2 design units, including 1 entities, in source file dec3_8.vhd
    Info (12022): Found design unit 1: Dec3_8-Behavioral File: C:/Users/User/Desktop/Projeto/Dec3_8.vhd Line: 10
    Info (12023): Found entity 1: Dec3_8 File: C:/Users/User/Desktop/Projeto/Dec3_8.vhd Line: 4
Info (12021): Found 2 design units, including 1 entities, in source file controlunit.vhd
    Info (12022): Found design unit 1: ControlUnit-Behavioral File: C:/Users/User/Desktop/Projeto/ControlUnit.vhd Line: 22
    Info (12023): Found entity 1: ControlUnit File: C:/Users/User/Desktop/Projeto/ControlUnit.vhd Line: 5
Info (12021): Found 2 design units, including 1 entities, in source file processador.vhd
    Info (12022): Found design unit 1: Processador-Structural File: C:/Users/User/Desktop/Projeto/Processador.vhd Line: 20
    Info (12023): Found entity 1: Processador File: C:/Users/User/Desktop/Projeto/Processador.vhd Line: 5
Info (12021): Found 2 design units, including 1 entities, in source file processador_tb.vhd
    Info (12022): Found design unit 1: Processador_Tb-Stimulus File: C:/Users/User/Desktop/Projeto/Processador_Tb.vhd Line: 8
    Info (12023): Found entity 1: Processador_Tb File: C:/Users/User/Desktop/Projeto/Processador_Tb.vhd Line: 5
Info (12127): Elaborating entity "Processador" for the top level hierarchy
Warning (10541): VHDL Signal Declaration warning at Processador.vhd(16): used implicit default value for signal "func" because signal was never assigned a value or an explicit default value. Use of implicit default value may introduce unintended design optimizations. File: C:/Users/User/Desktop/Projeto/Processador.vhd Line: 16
Warning (10541): VHDL Signal Declaration warning at Processador.vhd(17): used implicit default value for signal "opcode" because signal was never assigned a value or an explicit default value. Use of implicit default value may introduce unintended design optimizations. File: C:/Users/User/Desktop/Projeto/Processador.vhd Line: 17
Info (12129): Elaborating entity "DataPath" using architecture "A:structural" for hierarchy "DataPath:dataPath" File: C:/Users/User/Desktop/Projeto/Processador.vhd Line: 33
Info (12129): Elaborating entity "SignExtend" using architecture "A:behavioral" for hierarchy "DataPath:dataPath|SignExtend:SignExtend" File: C:/Users/User/Desktop/Projeto/DataPath.vhd Line: 35
Info (12129): Elaborating entity "Counter" using architecture "A:behav" for hierarchy "DataPath:dataPath|Counter:PC" File: C:/Users/User/Desktop/Projeto/DataPath.vhd Line: 40
Info (12129): Elaborating entity "ROM" using architecture "A:behavioral" for hierarchy "DataPath:dataPath|ROM:IMemory" File: C:/Users/User/Desktop/Projeto/DataPath.vhd Line: 47
Info (12129): Elaborating entity "ALU" using architecture "A:behavioral" for hierarchy "DataPath:dataPath|ALU:ALU" File: C:/Users/User/Desktop/Projeto/DataPath.vhd Line: 54
Warning (10492): VHDL Process Statement warning at ALU.vhd(28): signal "s_op1" is read inside the Process Statement but isn't in the Process Statement's sensitivity list File: C:/Users/User/Desktop/Projeto/ALU.vhd Line: 28
Warning (10492): VHDL Process Statement warning at ALU.vhd(28): signal "s_op2" is read inside the Process Statement but isn't in the Process Statement's sensitivity list File: C:/Users/User/Desktop/Projeto/ALU.vhd Line: 28
Warning (10492): VHDL Process Statement warning at ALU.vhd(30): signal "s_op1" is read inside the Process Statement but isn't in the Process Statement's sensitivity list File: C:/Users/User/Desktop/Projeto/ALU.vhd Line: 30
Warning (10492): VHDL Process Statement warning at ALU.vhd(30): signal "s_op2" is read inside the Process Statement but isn't in the Process Statement's sensitivity list File: C:/Users/User/Desktop/Projeto/ALU.vhd Line: 30
Warning (10492): VHDL Process Statement warning at ALU.vhd(44): signal "s_op1" is read inside the Process Statement but isn't in the Process Statement's sensitivity list File: C:/Users/User/Desktop/Projeto/ALU.vhd Line: 44
Warning (10492): VHDL Process Statement warning at ALU.vhd(44): signal "s_op2" is read inside the Process Statement but isn't in the Process Statement's sensitivity list File: C:/Users/User/Desktop/Projeto/ALU.vhd Line: 44
Warning (10492): VHDL Process Statement warning at ALU.vhd(46): signal "s_op1" is read inside the Process Statement but isn't in the Process Statement's sensitivity list File: C:/Users/User/Desktop/Projeto/ALU.vhd Line: 46
Warning (10492): VHDL Process Statement warning at ALU.vhd(46): signal "s_op2" is read inside the Process Statement but isn't in the Process Statement's sensitivity list File: C:/Users/User/Desktop/Projeto/ALU.vhd Line: 46
Warning (10492): VHDL Process Statement warning at ALU.vhd(48): signal "s_op2" is read inside the Process Statement but isn't in the Process Statement's sensitivity list File: C:/Users/User/Desktop/Projeto/ALU.vhd Line: 48
Warning (10492): VHDL Process Statement warning at ALU.vhd(60): signal "s_op1" is read inside the Process Statement but isn't in the Process Statement's sensitivity list File: C:/Users/User/Desktop/Projeto/ALU.vhd Line: 60
Warning (10492): VHDL Process Statement warning at ALU.vhd(60): signal "s_op2" is read inside the Process Statement but isn't in the Process Statement's sensitivity list File: C:/Users/User/Desktop/Projeto/ALU.vhd Line: 60
Warning (10492): VHDL Process Statement warning at ALU.vhd(70): signal "s_op1" is read inside the Process Statement but isn't in the Process Statement's sensitivity list File: C:/Users/User/Desktop/Projeto/ALU.vhd Line: 70
Warning (10492): VHDL Process Statement warning at ALU.vhd(70): signal "s_op2" is read inside the Process Statement but isn't in the Process Statement's sensitivity list File: C:/Users/User/Desktop/Projeto/ALU.vhd Line: 70
Info (12129): Elaborating entity "RAM" using architecture "A:behavioral" for hierarchy "DataPath:dataPath|RAM:DMemory" File: C:/Users/User/Desktop/Projeto/DataPath.vhd Line: 60
Info (12129): Elaborating entity "Registers" using architecture "A:behavioral" for hierarchy "DataPath:dataPath|Registers:RegisterBlock" File: C:/Users/User/Desktop/Projeto/DataPath.vhd Line: 68
Info (12129): Elaborating entity "Dec3_8" using architecture "A:behavioral" for hierarchy "DataPath:dataPath|Registers:RegisterBlock|Dec3_8:sinais" File: C:/Users/User/Desktop/Projeto/Registers.vhd Line: 27
Info (12129): Elaborating entity "RegisterN" using architecture "A:behavioral" for hierarchy "DataPath:dataPath|Registers:RegisterBlock|RegisterN:\registers:0:reg" File: C:/Users/User/Desktop/Projeto/Registers.vhd Line: 32
Info (12129): Elaborating entity "Mux2_1" using architecture "A:behavioral" for hierarchy "DataPath:dataPath|Mux2_1:mux1" File: C:/Users/User/Desktop/Projeto/DataPath.vhd Line: 80
Info (12129): Elaborating entity "Mux2_1" using architecture "A:behavioral" for hierarchy "DataPath:dataPath|Mux2_1:mux2" File: C:/Users/User/Desktop/Projeto/DataPath.vhd Line: 87
Info (12129): Elaborating entity "ControlUnit" using architecture "A:behavioral" for hierarchy "ControlUnit:controlUnit" File: C:/Users/User/Desktop/Projeto/Processador.vhd Line: 47
Warning (10631): VHDL Process Statement warning at ControlUnit.vhd(41): inferring latch(es) for signal or variable "EnPc", which holds its previous value in one or more paths through the process File: C:/Users/User/Desktop/Projeto/ControlUnit.vhd Line: 41
Warning (10631): VHDL Process Statement warning at ControlUnit.vhd(41): inferring latch(es) for signal or variable "RegWr", which holds its previous value in one or more paths through the process File: C:/Users/User/Desktop/Projeto/ControlUnit.vhd Line: 41
Warning (10631): VHDL Process Statement warning at ControlUnit.vhd(41): inferring latch(es) for signal or variable "RI", which holds its previous value in one or more paths through the process File: C:/Users/User/Desktop/Projeto/ControlUnit.vhd Line: 41
Warning (10631): VHDL Process Statement warning at ControlUnit.vhd(41): inferring latch(es) for signal or variable "RegDst", which holds its previous value in one or more paths through the process File: C:/Users/User/Desktop/Projeto/ControlUnit.vhd Line: 41
Warning (10631): VHDL Process Statement warning at ControlUnit.vhd(41): inferring latch(es) for signal or variable "MemWr", which holds its previous value in one or more paths through the process File: C:/Users/User/Desktop/Projeto/ControlUnit.vhd Line: 41
Warning (10631): VHDL Process Statement warning at ControlUnit.vhd(41): inferring latch(es) for signal or variable "MemtoReg", which holds its previous value in one or more paths through the process File: C:/Users/User/Desktop/Projeto/ControlUnit.vhd Line: 41
Warning (10631): VHDL Process Statement warning at ControlUnit.vhd(41): inferring latch(es) for signal or variable "ALUSrc", which holds its previous value in one or more paths through the process File: C:/Users/User/Desktop/Projeto/ControlUnit.vhd Line: 41
Warning (10631): VHDL Process Statement warning at ControlUnit.vhd(41): inferring latch(es) for signal or variable "reg_fstate", which holds its previous value in one or more paths through the process File: C:/Users/User/Desktop/Projeto/ControlUnit.vhd Line: 41
Warning (10631): VHDL Process Statement warning at ControlUnit.vhd(41): inferring latch(es) for signal or variable "ALUOp", which holds its previous value in one or more paths through the process File: C:/Users/User/Desktop/Projeto/ControlUnit.vhd Line: 41
Info (10041): Inferred latch for "ALUOp[0]" at ControlUnit.vhd(41) File: C:/Users/User/Desktop/Projeto/ControlUnit.vhd Line: 41
Info (10041): Inferred latch for "ALUOp[1]" at ControlUnit.vhd(41) File: C:/Users/User/Desktop/Projeto/ControlUnit.vhd Line: 41
Info (10041): Inferred latch for "ALUOp[2]" at ControlUnit.vhd(41) File: C:/Users/User/Desktop/Projeto/ControlUnit.vhd Line: 41
Info (10041): Inferred latch for "ALUOp[3]" at ControlUnit.vhd(41) File: C:/Users/User/Desktop/Projeto/ControlUnit.vhd Line: 41
Info (10041): Inferred latch for "reg_fstate.WriteMem" at ControlUnit.vhd(41) File: C:/Users/User/Desktop/Projeto/ControlUnit.vhd Line: 41
Info (10041): Inferred latch for "reg_fstate.RegUpdate" at ControlUnit.vhd(41) File: C:/Users/User/Desktop/Projeto/ControlUnit.vhd Line: 41
Info (10041): Inferred latch for "reg_fstate.Execute" at ControlUnit.vhd(41) File: C:/Users/User/Desktop/Projeto/ControlUnit.vhd Line: 41
Info (10041): Inferred latch for "reg_fstate.Decode" at ControlUnit.vhd(41) File: C:/Users/User/Desktop/Projeto/ControlUnit.vhd Line: 41
Info (10041): Inferred latch for "reg_fstate.Fetch" at ControlUnit.vhd(41) File: C:/Users/User/Desktop/Projeto/ControlUnit.vhd Line: 41
Info (10041): Inferred latch for "reg_fstate.ResT" at ControlUnit.vhd(41) File: C:/Users/User/Desktop/Projeto/ControlUnit.vhd Line: 41
Info (10041): Inferred latch for "ALUSrc" at ControlUnit.vhd(41) File: C:/Users/User/Desktop/Projeto/ControlUnit.vhd Line: 41
Info (10041): Inferred latch for "MemtoReg" at ControlUnit.vhd(41) File: C:/Users/User/Desktop/Projeto/ControlUnit.vhd Line: 41
Info (10041): Inferred latch for "MemWr" at ControlUnit.vhd(41) File: C:/Users/User/Desktop/Projeto/ControlUnit.vhd Line: 41
Info (10041): Inferred latch for "RegDst" at ControlUnit.vhd(41) File: C:/Users/User/Desktop/Projeto/ControlUnit.vhd Line: 41
Info (10041): Inferred latch for "RI" at ControlUnit.vhd(41) File: C:/Users/User/Desktop/Projeto/ControlUnit.vhd Line: 41
Info (10041): Inferred latch for "RegWr" at ControlUnit.vhd(41) File: C:/Users/User/Desktop/Projeto/ControlUnit.vhd Line: 41
Info (10041): Inferred latch for "EnPc" at ControlUnit.vhd(41) File: C:/Users/User/Desktop/Projeto/ControlUnit.vhd Line: 41
Warning (14026): LATCH primitive "ControlUnit:controlUnit|reg_fstate.Execute_308" is permanently enabled File: C:/Users/User/Desktop/Projeto/ControlUnit.vhd Line: 41
Warning (14026): LATCH primitive "ControlUnit:controlUnit|reg_fstate.Decode_325" is permanently enabled File: C:/Users/User/Desktop/Projeto/ControlUnit.vhd Line: 41
Warning (14026): LATCH primitive "ControlUnit:controlUnit|reg_fstate.Fetch_342" is permanently enabled File: C:/Users/User/Desktop/Projeto/ControlUnit.vhd Line: 41
Warning (13024): Output pins are stuck at VCC or GND
    Warning (13410): Pin "func[0]" is stuck at GND File: C:/Users/User/Desktop/Projeto/Processador.vhd Line: 16
    Warning (13410): Pin "func[1]" is stuck at GND File: C:/Users/User/Desktop/Projeto/Processador.vhd Line: 16
    Warning (13410): Pin "func[2]" is stuck at GND File: C:/Users/User/Desktop/Projeto/Processador.vhd Line: 16
    Warning (13410): Pin "func[3]" is stuck at GND File: C:/Users/User/Desktop/Projeto/Processador.vhd Line: 16
    Warning (13410): Pin "opcode[0]" is stuck at GND File: C:/Users/User/Desktop/Projeto/Processador.vhd Line: 17
    Warning (13410): Pin "opcode[1]" is stuck at GND File: C:/Users/User/Desktop/Projeto/Processador.vhd Line: 17
    Warning (13410): Pin "opcode[2]" is stuck at GND File: C:/Users/User/Desktop/Projeto/Processador.vhd Line: 17
Info (17049): 10 registers lost all their fanouts during netlist optimizations.
Info (16010): Generating hard_block partition "hard_block:auto_generated_inst"
    Info (16011): Adding 0 node(s), including 0 DDIO, 0 PLL, 0 transceiver and 0 LCELL
Warning (21074): Design contains 13 input pin(s) that do not drive logic
    Warning (15610): No output dependent on input pin "EnPc" File: C:/Users/User/Desktop/Projeto/Processador.vhd Line: 8
    Warning (15610): No output dependent on input pin "RegWr" File: C:/Users/User/Desktop/Projeto/Processador.vhd Line: 9
    Warning (15610): No output dependent on input pin "RI" File: C:/Users/User/Desktop/Projeto/Processador.vhd Line: 10
    Warning (15610): No output dependent on input pin "RegDst" File: C:/Users/User/Desktop/Projeto/Processador.vhd Line: 11
    Warning (15610): No output dependent on input pin "MemWr" File: C:/Users/User/Desktop/Projeto/Processador.vhd Line: 12
    Warning (15610): No output dependent on input pin "MemtoReg" File: C:/Users/User/Desktop/Projeto/Processador.vhd Line: 13
    Warning (15610): No output dependent on input pin "ALUSrc" File: C:/Users/User/Desktop/Projeto/Processador.vhd Line: 14
    Warning (15610): No output dependent on input pin "ALUOp[0]" File: C:/Users/User/Desktop/Projeto/Processador.vhd Line: 15
    Warning (15610): No output dependent on input pin "ALUOp[1]" File: C:/Users/User/Desktop/Projeto/Processador.vhd Line: 15
    Warning (15610): No output dependent on input pin "ALUOp[2]" File: C:/Users/User/Desktop/Projeto/Processador.vhd Line: 15
    Warning (15610): No output dependent on input pin "ALUOp[3]" File: C:/Users/User/Desktop/Projeto/Processador.vhd Line: 15
    Warning (15610): No output dependent on input pin "reset" File: C:/Users/User/Desktop/Projeto/Processador.vhd Line: 7
    Warning (15610): No output dependent on input pin "clk" File: C:/Users/User/Desktop/Projeto/Processador.vhd Line: 6
Info (21057): Implemented 20 device resources after synthesis - the final resource count might be different
    Info (21058): Implemented 13 input pins
    Info (21059): Implemented 7 output pins
Info: Quartus Prime Analysis & Synthesis was successful. 0 errors, 50 warnings
    Info: Peak virtual memory: 4778 megabytes
    Info: Processing ended: Mon Jun 08 17:10:11 2020
    Info: Elapsed time: 00:00:29
    Info: Total CPU time (on all processors): 00:00:55


